<?xml version="1.0" encoding="UTF-8"?>
<!-- Generated by org.testng.reporters.JUnitXMLReporter -->
<testsuite ignored="0" hostname="DESKTOP-M0LQVP0" failures="0" tests="9" name="Default test" time="4.109" errors="0" timestamp="2024-06-16T13:50:00 IST">
  <testcase classname="com.saucedemo.testcases.TestLoginPage" name="TestVerifyLogin" time="0.456"/>
  <testcase classname="com.saucedemo.testcases.TestLoginPage" name="TestClickProducts" time="0.133"/>
  <testcase classname="com.saucedemo.testcases.TestLoginPage" name="TestClickProducts" time="0.108"/>
  <testcase classname="com.saucedemo.testcases.TestLoginPage" name="TestClickProducts" time="0.117"/>
  <testcase classname="com.saucedemo.testcases.TestLoginPage" name="TestClickCartButton" time="0.221"/>
  <testcase classname="com.saucedemo.testcases.TestLoginPage" name="TestClickCheckOutButton" time="0.088"/>
  <testcase classname="com.saucedemo.testcases.TestLoginPage" name="GenerateRandomUser" time="1.294"/>
  <testcase classname="com.saucedemo.testcases.TestLoginPage" name="ClickOnFinishButton" time="1.484"/>
  <testcase classname="com.saucedemo.testcases.TestLoginPage" name="HompPage" time="0.066"/>
</testsuite> <!-- Default test -->
