<?xml version="1.0" encoding="UTF-8"?>
<!-- Generated by org.testng.reporters.JUnitXMLReporter -->
<testsuite ignored="0" hostname="DESKTOP-M0LQVP0" failures="0" tests="9" name="Default test" time="6.963" errors="0" timestamp="2024-06-21T15:59:21 IST">
  <testcase classname="com.saucedemo.testcases.TestLoginPage" name="TestVerifyLogin" time="0.393"/>
  <testcase classname="com.saucedemo.testcases.TestLoginPage" name="TestClickProducts" time="0.158"/>
  <testcase classname="com.saucedemo.testcases.TestLoginPage" name="TestClickProducts" time="0.092"/>
  <testcase classname="com.saucedemo.testcases.TestLoginPage" name="TestClickProducts" time="0.104"/>
  <testcase classname="com.saucedemo.testcases.TestLoginPage" name="TestClickCartButton" time="0.232"/>
  <testcase classname="com.saucedemo.testcases.TestLoginPage" name="TestClickCheckOutButton" time="0.092"/>
  <testcase classname="com.saucedemo.testcases.TestLoginPage" name="GenerateRandomUser" time="3.719"/>
  <testcase classname="com.saucedemo.testcases.TestLoginPage" name="ClickOnFinishButton" time="1.63"/>
  <testcase classname="com.saucedemo.testcases.TestLoginPage" name="HompPage" time="0.038"/>
</testsuite> <!-- Default test -->
